make[5]: Entering directory `/home/buncic/cache/gKonstuct-0.1/lib/apps/portal/gridport/work/gridport-2.3.2/CogUtil'
Manifying blib/man3/CogUtil::Log.3
Manifying blib/man3/CogUtil::UnixRun.3
make[5]: Leaving directory `/home/buncic/cache/gKonstuct-0.1/lib/apps/portal/gridport/work/gridport-2.3.2/CogUtil'
make[5]: Entering directory `/home/buncic/cache/gKonstuct-0.1/lib/apps/portal/gridport/work/gridport-2.3.2/CogUtil'
Manifying blib/man3/CogUtil::Log.3
Manifying blib/man3/CogUtil::UnixRun.3
Writing /opt/alien/lib/perl5/site_perl/5.8.6/i386-linux/auto/CogUtil/.packlist
Appending installation info to /opt/alien/lib/perl5/5.8.6/i386-linux/perllocal.pod
make[5]: Leaving directory `/home/buncic/cache/gKonstuct-0.1/lib/apps/portal/gridport/work/gridport-2.3.2/CogUtil'
make[5]: Entering directory `/home/buncic/cache/gKonstuct-0.1/lib/apps/portal/gridport/work/gridport-2.3.2/Cog'
cp lib/Cog/Globus/Run.pm blib/lib/Cog/Globus/Run.pm
AutoSplitting blib/lib/Cog/Globus/Run.pm (blib/lib/auto/Cog/Globus/Run)
cp lib/Cog/Config.pm blib/lib/Cog/Config.pm
AutoSplitting blib/lib/Cog/Config.pm (blib/lib/auto/Cog/Config)
cp lib/Cog/MDS/Search.pm blib/lib/Cog/MDS/Search.pm
AutoSplitting blib/lib/Cog/MDS/Search.pm (blib/lib/auto/Cog/MDS/Search)
cp lib/Cog/Globus/URLCopy.pm blib/lib/Cog/Globus/URLCopy.pm
AutoSplitting blib/lib/Cog/Globus/URLCopy.pm (blib/lib/auto/Cog/Globus/URLCopy)
cp lib/Cog/Globus/RSL.pm blib/lib/Cog/Globus/RSL.pm
AutoSplitting blib/lib/Cog/Globus/RSL.pm (blib/lib/auto/Cog/Globus/RSL)
cp lib/Cog/Security/Proxy.pm blib/lib/Cog/Security/Proxy.pm
AutoSplitting blib/lib/Cog/Security/Proxy.pm (blib/lib/auto/Cog/Security/Proxy)
cp lib/Cog/Security/Myproxy.pm blib/lib/Cog/Security/Myproxy.pm
AutoSplitting blib/lib/Cog/Security/Myproxy.pm (blib/lib/auto/Cog/Security/Myproxy)
cp lib/Cog/Globus/Job.pm blib/lib/Cog/Globus/Job.pm
AutoSplitting blib/lib/Cog/Globus/Job.pm (blib/lib/auto/Cog/Globus/Job)
cp lib/Cog/Security/Cacl.pm blib/lib/Cog/Security/Cacl.pm
AutoSplitting blib/lib/Cog/Security/Cacl.pm (blib/lib/auto/Cog/Security/Cacl)
Manifying blib/man3/Cog::Config.3
Manifying blib/man3/Cog::Globus::Run.3
Manifying blib/man3/Cog::Globus::URLCopy.3
Manifying blib/man3/Cog::MDS::Search.3
Manifying blib/man3/Cog::Security::Proxy.3
Manifying blib/man3/Cog::Globus::RSL.3
Manifying blib/man3/Cog::Security::Myproxy.3
Manifying blib/man3/Cog::Globus::Job.3
Manifying blib/man3/Cog::Security::Cacl.3
make[5]: Leaving directory `/home/buncic/cache/gKonstuct-0.1/lib/apps/portal/gridport/work/gridport-2.3.2/Cog'
make[5]: Entering directory `/home/buncic/cache/gKonstuct-0.1/lib/apps/portal/gridport/work/gridport-2.3.2/Cog'
Manifying blib/man3/Cog::Config.3
Manifying blib/man3/Cog::Globus::Run.3
Manifying blib/man3/Cog::Globus::URLCopy.3
Manifying blib/man3/Cog::MDS::Search.3
Manifying blib/man3/Cog::Security::Proxy.3
Manifying blib/man3/Cog::Globus::RSL.3
Manifying blib/man3/Cog::Security::Myproxy.3
Manifying blib/man3/Cog::Globus::Job.3
Manifying blib/man3/Cog::Security::Cacl.3
Installing /opt/alien/man/man3/Cog::Config.3
Installing /opt/alien/man/man3/Cog::Globus::Run.3
Installing /opt/alien/man/man3/Cog::Globus::URLCopy.3
Installing /opt/alien/man/man3/Cog::MDS::Search.3
Installing /opt/alien/man/man3/Cog::Security::Proxy.3
Installing /opt/alien/man/man3/Cog::Globus::RSL.3
Installing /opt/alien/man/man3/Cog::Security::Myproxy.3
Installing /opt/alien/man/man3/Cog::Globus::Job.3
Installing /opt/alien/man/man3/Cog::Security::Cacl.3
Writing /opt/alien/lib/perl5/site_perl/5.8.6/i386-linux/auto/Cog/.packlist
Appending installation info to /opt/alien/lib/perl5/5.8.6/i386-linux/perllocal.pod
make[5]: Leaving directory `/home/buncic/cache/gKonstuct-0.1/lib/apps/portal/gridport/work/gridport-2.3.2/Cog'
make[5]: Entering directory `/home/buncic/cache/gKonstuct-0.1/lib/apps/portal/gridport/work/gridport-2.3.2/Gridport'
Skip blib/lib/Gridport/SRB.pm (unchanged)
Skip blib/lib/Gridport/Config.pm (unchanged)
Skip blib/lib/Gridport/FileTransfer.pm (unchanged)
Skip blib/lib/Gridport/ProxyForward.pm (unchanged)
Skip blib/lib/Gridport/Job.pm (unchanged)
Skip blib/lib/Gridport/Authentication.pm (unchanged)
Manifying blib/man3/Gridport::Config.3
Manifying blib/man3/Gridport::SRB.3
Manifying blib/man3/Gridport::FileTransfer.3
Manifying blib/man3/Gridport::ProxyForward.3
Manifying blib/man3/Gridport::Job.3
Manifying blib/man3/Gridport::Authentication.3
make[5]: Leaving directory `/home/buncic/cache/gKonstuct-0.1/lib/apps/portal/gridport/work/gridport-2.3.2/Gridport'
make[5]: Entering directory `/home/buncic/cache/gKonstuct-0.1/lib/apps/portal/gridport/work/gridport-2.3.2/Gridport'
Manifying blib/man3/Gridport::Config.3
Manifying blib/man3/Gridport::SRB.3
Manifying blib/man3/Gridport::FileTransfer.3
Manifying blib/man3/Gridport::ProxyForward.3
Manifying blib/man3/Gridport::Job.3
Manifying blib/man3/Gridport::Authentication.3
Installing /opt/alien/man/man3/Gridport::Config.3
Installing /opt/alien/man/man3/Gridport::SRB.3
Installing /opt/alien/man/man3/Gridport::FileTransfer.3
Installing /opt/alien/man/man3/Gridport::ProxyForward.3
Installing /opt/alien/man/man3/Gridport::Job.3
Installing /opt/alien/man/man3/Gridport::Authentication.3
Writing /opt/alien/lib/perl5/site_perl/5.8.6/i386-linux/auto/Gridport/.packlist
Appending installation info to /opt/alien/lib/perl5/5.8.6/i386-linux/perllocal.pod
make[5]: Leaving directory `/home/buncic/cache/gKonstuct-0.1/lib/apps/portal/gridport/work/gridport-2.3.2/Gridport'
